2025-08-04 19:06:21 ERROR Invalid record [CSVRecord [comment='null', recordNumber=1, values=[Iron suites, 156-5562415, PENDING, 13-13-13, 7000,10, ]]] - Reason: Text '13-13-13' could not be parsed at index 0
2025-08-04 19:08:16 ERROR Invalid record [CSVRecord [comment='null', recordNumber=1, values=[Iron suites, 156-5562415, PENDING, 13-13-13, 7000,10, ]]] - Reason: Text '13-13-13' could not be parsed at index 0
2025-08-04 19:08:17 ERROR Invalid record [CSVRecord [comment='null', recordNumber=1, values=[Iron suites, 156-5562415, PENDING, 13-13-13, 7000,10, ]]] - Reason: Text '13-13-13' could not be parsed at index 0
2025-08-04 19:10:11 ERROR Invalid record [CSVRecord [comment='null', recordNumber=1, values=[Iron suites, 156-5562415, PENDING, 13-13-13, 7000,10, ]]] - Reason: Text '13-13-13' could not be parsed at index 0
2025-08-04 19:10:12 ERROR Invalid record [CSVRecord [comment='null', recordNumber=1, values=[Iron suites, 156-5562415, PENDING, 13-13-13, 7000,10, ]]] - Reason: Text '13-13-13' could not be parsed at index 0
2025-08-04 19:10:13 ERROR Invalid record [CSVRecord [comment='null', recordNumber=1, values=[Invalid Co, , PENDING, wrong-date, ABC, ]]] - Reason: Text 'wrong-date' could not be parsed at index 0
2025-08-04 20:13:33 ERROR Invalid record [CSVRecord [comment='null', recordNumber=1, values=[Iron suites, 156-5562415, PENDING, 13-13-13, 7000,10, ]]] - Reason: Text '13-13-13' could not be parsed at index 0
2025-08-04 20:13:34 ERROR Invalid record [CSVRecord [comment='null', recordNumber=1, values=[Iron suites, 156-5562415, PENDING, 13-13-13, 7000,10, ]]] - Reason: Text '13-13-13' could not be parsed at index 0
2025-08-04 20:19:48 ERROR Invalid record [CSVRecord [comment='null', recordNumber=1, values=[Iron suites, 156-5562415, PENDING, 13-13-13, 7000,10, ]]] - Reason: Text '13-13-13' could not be parsed at index 0
2025-08-04 20:19:49 ERROR Invalid record [CSVRecord [comment='null', recordNumber=1, values=[Iron suites, 156-5562415, PENDING, 13-13-13, 7000,10, ]]] - Reason: Text '13-13-13' could not be parsed at index 0
2025-08-04 20:25:45 ERROR Invalid record [CSVRecord [comment='null', recordNumber=1, values=[Iron suites, 156-5562415, PENDING, 13-13-13, 7000,10, ]]] - Reason: Text '13-13-13' could not be parsed at index 0
2025-08-04 20:25:46 ERROR Invalid record [CSVRecord [comment='null', recordNumber=1, values=[Iron suites, 156-5562415, PENDING, 13-13-13, 7000,10, ]]] - Reason: Text '13-13-13' could not be parsed at index 0
2025-08-04 20:42:57 ERROR Invalid record [CSVRecord [comment='null', recordNumber=1, values=[Iron suites, 156-5562415, PENDING, 13-13-13, 7000,10, ]]] - Reason: Text '13-13-13' could not be parsed at index 0
2025-08-04 20:42:58 ERROR Invalid record [CSVRecord [comment='null', recordNumber=1, values=[Iron suites, 156-5562415, PENDING, 13-13-13, 7000,10, ]]] - Reason: Text '13-13-13' could not be parsed at index 0
2025-08-04 20:42:59 ERROR Invalid record [CSVRecord [comment='null', recordNumber=1, values=[Invalid Co, , PENDING, wrong-date, ABC, ]]] - Reason: Text 'wrong-date' could not be parsed at index 0
2025-08-05 03:59:00 ERROR Invalid record [CSVRecord [comment='null', recordNumber=1, values=[Iron suites, 156-5562415, PENDING, 13-13-13, 7000,10, ]]] - Reason: Text '13-13-13' could not be parsed at index 0
2025-08-05 03:59:00 ERROR Invalid record [CSVRecord [comment='null', recordNumber=1, values=[Iron suites, 156-5562415, PENDING, 13-13-13, 7000,10, ]]] - Reason: Text '13-13-13' could not be parsed at index 0
2025-08-05 12:21:00 ERROR Invalid record [CSVRecord [comment='null', recordNumber=1, values=[Iron suites, 156-5562415, PENDING, 13-13-13, 7000,10, ]]] - Reason: Text '13-13-13' could not be parsed at index 0
2025-08-05 12:21:01 ERROR Invalid record [CSVRecord [comment='null', recordNumber=1, values=[Iron suites, 156-5562415, PENDING, 13-13-13, 7000,10, ]]] - Reason: Text '13-13-13' could not be parsed at index 0
2025-08-05 12:22:00 ERROR Invalid record [CSVRecord [comment='null', recordNumber=1, values=[Iron suites, 156-5562415, PENDING, 13-13-13, 7000,10, ]]] - Reason: Text '13-13-13' could not be parsed at index 0
2025-08-05 12:22:00 ERROR Invalid record [CSVRecord [comment='null', recordNumber=1, values=[Iron suites, 156-5562415, PENDING, 13-13-13, 7000,10, ]]] - Reason: Text '13-13-13' could not be parsed at index 0
2025-08-05 12:23:00 ERROR Invalid record [CSVRecord [comment='null', recordNumber=1, values=[Iron suites, 156-5562415, PENDING, 13-13-13, 7000,10, ]]] - Reason: Text '13-13-13' could not be parsed at index 0
2025-08-05 12:23:00 ERROR Invalid record [CSVRecord [comment='null', recordNumber=1, values=[Iron suites, 156-5562415, PENDING, 13-13-13, 7000,10, ]]] - Reason: Text '13-13-13' could not be parsed at index 0
2025-08-05 13:57:23 ERROR Invalid record [CSVRecord [comment='null', recordNumber=1, values=[Iron suites, 156-5562415, PENDING, 13-13-13, 7000,10, ]]] - Reason: Text '13-13-13' could not be parsed at index 0
2025-08-05 13:57:24 ERROR Invalid record [CSVRecord [comment='null', recordNumber=1, values=[Iron suites, 156-5562415, PENDING, 13-13-13, 7000,10, ]]] - Reason: Text '13-13-13' could not be parsed at index 0
2025-08-05 14:00:00 ERROR Invalid record [CSVRecord [comment='null', recordNumber=1, values=[Iron suites, 156-5562415, PENDING, 13-13-13, 7000,10, ]]] - Reason: Text '13-13-13' could not be parsed at index 0
2025-08-05 14:00:00 ERROR Invalid record [CSVRecord [comment='null', recordNumber=1, values=[Iron suites, 156-5562415, PENDING, 13-13-13, 7000,10, ]]] - Reason: Text '13-13-13' could not be parsed at index 0
2025-08-05 14:02:07 ERROR Invalid record [CSVRecord [comment='null', recordNumber=1, values=[Iron suites, 156-5562415, PENDING, 13-13-13, 7000,10, ]]] - Reason: Text '13-13-13' could not be parsed at index 0
2025-08-05 14:02:07 ERROR Invalid record [CSVRecord [comment='null', recordNumber=1, values=[Iron suites, 156-5562415, PENDING, 13-13-13, 7000,10, ]]] - Reason: Text '13-13-13' could not be parsed at index 0
2025-08-05 14:18:09 ERROR Invalid record [CSVRecord [comment='null', recordNumber=1, values=[Iron suites, 156-5562415, PENDING, 13-13-13, 7000,10, ]]] - Reason: Text '13-13-13' could not be parsed at index 0
2025-08-05 14:18:22 ERROR Invalid record [CSVRecord [comment='null', recordNumber=1, values=[Iron suites, 156-5562415, PENDING, 13-13-13, 7000,10, ]]] - Reason: Text '13-13-13' could not be parsed at index 0
2025-08-05 14:22:28 ERROR Invalid record [CSVRecord [comment='null', recordNumber=1, values=[Iron suites, 156-5562415, PENDING, 13-13-13, 7000,10, ]]] - Reason: Text '13-13-13' could not be parsed at index 0
2025-08-05 14:22:41 ERROR Invalid record [CSVRecord [comment='null', recordNumber=1, values=[Iron suites, 156-5562415, PENDING, 13-13-13, 7000,10, ]]] - Reason: Text '13-13-13' could not be parsed at index 0
2025-08-05 14:30:23 ERROR Invalid record [CSVRecord [comment='null', recordNumber=1, values=[Invalid Co, , PENDING, wrong-date, ABC, ]]] - Reason: Text 'wrong-date' could not be parsed at index 0
2025-08-05 14:42:55 ERROR Invalid record [CSVRecord [comment='null', recordNumber=1, values=[Invalid Co, , PENDING, wrong-date, ABC, ]]] - Reason: Text 'wrong-date' could not be parsed at index 0
2025-08-06 12:17:28 ERROR Invalid record [CSVRecord [comment='null', recordNumber=1, values=[Iron suites, , PENDING, 13-13-13, 7000,10, ]]] - Reason: Text '13-13-13' could not be parsed at index 0
2025-08-06 12:17:29 ERROR Invalid record [CSVRecord [comment='null', recordNumber=1, values=[Iron suites, 156-5562415, PENDING, 13-13-13, 7000,10, ]]] - Reason: Text '13-13-13' could not be parsed at index 0
2025-08-06 12:18:11 ERROR Invalid record [CSVRecord [comment='null', recordNumber=1, values=[Iron suites, , PENDING, 13-13-13, 7000,10, ]]] - Reason: Text '13-13-13' could not be parsed at index 0
2025-08-06 12:18:12 ERROR Invalid record [CSVRecord [comment='null', recordNumber=1, values=[Iron suites, 156-5562415, PENDING, 13-13-13, 7000,10, ]]] - Reason: Text '13-13-13' could not be parsed at index 0
2025-08-06 12:19:12 ERROR Invalid record [CSVRecord [comment='null', recordNumber=1, values=[Iron suites, , PENDING, 13-13-13, , ]]] - Reason: Text '13-13-13' could not be parsed at index 0
2025-08-06 12:19:12 ERROR Invalid record [CSVRecord [comment='null', recordNumber=1, values=[Iron suites, 156-5562415, PENDING, 13-13-13, 7000,10, ]]] - Reason: Text '13-13-13' could not be parsed at index 0
2025-08-06 12:21:28 ERROR Invalid record [CSVRecord [comment='null', recordNumber=1, values=[Iron suites, , PENDING, 13-13-13, , ]]] - Reason: Text '13-13-13' could not be parsed at index 0
2025-08-06 12:21:29 ERROR Invalid record [CSVRecord [comment='null', recordNumber=1, values=[Iron suites, 156-5562415, PENDING, 13-13-13, 7000,10, ]]] - Reason: Text '13-13-13' could not be parsed at index 0
2025-08-06 12:23:00 ERROR Invalid record [CSVRecord [comment='null', recordNumber=1, values=[Iron suites, , PENDING, 13-13-13, , ]]] - Reason: Text '13-13-13' could not be parsed at index 0
2025-08-06 12:23:00 ERROR Invalid record [CSVRecord [comment='null', recordNumber=1, values=[Iron suites, 156-5562415, PENDING, 13-13-13, 7000,10, ]]] - Reason: Text '13-13-13' could not be parsed at index 0
2025-08-06 12:24:30 ERROR Invalid record [CSVRecord [comment='null', recordNumber=1, values=[Iron suites, , PENDING, 13-13-13, , ]]] - Reason: Text '13-13-13' could not be parsed at index 0
2025-08-06 12:24:30 ERROR Invalid record [CSVRecord [comment='null', recordNumber=1, values=[Iron suites, 156-5562415, PENDING, 13-13-13, 7000,10, ]]] - Reason: Text '13-13-13' could not be parsed at index 0
2025-08-06 12:25:07 ERROR Invalid record [CSVRecord [comment='null', recordNumber=1, values=[Iron suites, 156-5562415, PENDING, 13-13-13, 7000,10, ]]] - Reason: Text '13-13-13' could not be parsed at index 0
2025-08-06 12:25:07 ERROR Invalid record [CSVRecord [comment='null', recordNumber=3, values=[Car parts, 988-5561635, PENDING, 2022-01-11, , ]]] - Reason: empty String
2025-08-06 12:25:07 ERROR Invalid record [CSVRecord [comment='null', recordNumber=1, values=[Iron suites, 156-5562415, PENDING, 13-13-13, 7000,10, ]]] - Reason: Text '13-13-13' could not be parsed at index 0
2025-08-06 12:26:54 ERROR Invalid record [CSVRecord [comment='null', recordNumber=1, values=[Iron suites, 156-5562415, PENDING, 13-13-13, 7000,10, ]]] - Reason: Text '13-13-13' could not be parsed at index 0
2025-08-06 12:26:55 ERROR Invalid record [CSVRecord [comment='null', recordNumber=1, values=[Iron suites, 156-5562415, PENDING, 13-13-13, 7000,10, ]]] - Reason: Text '13-13-13' could not be parsed at index 0
2025-08-06 12:26:55 ERROR Invalid record [CSVRecord [comment='null', recordNumber=3, values=[Car parts, 988-5561635, PENDING, 2022-01-11, , ]]] - Reason: empty String
